Replace Part C18 CAP-MLCC in C:\Users\admin\Desktop\AC6901 Demo\AC6901Demo_Project\AC6901Demo1.SchDoc with CAP-MLCC from Demo.SchLib
Replace Part C19 CAP-MLCC in C:\Users\admin\Desktop\AC6901 Demo\AC6901Demo_Project\AC6901Demo1.SchDoc with CAP-MLCC from Demo.SchLib
Replace Part C20 CAP-MLCC in C:\Users\admin\Desktop\AC6901 Demo\AC6901Demo_Project\AC6901Demo1.SchDoc with CAP-MLCC from Demo.SchLib
Replace Part C21 CAP-MLCC in C:\Users\admin\Desktop\AC6901 Demo\AC6901Demo_Project\AC6901Demo1.SchDoc with CAP-MLCC from Demo.SchLib
Replace Part C22 CAP-MLCC in C:\Users\admin\Desktop\AC6901 Demo\AC6901Demo_Project\AC6901Demo1.SchDoc with CAP-MLCC from Demo.SchLib
Replace Part C23 CAP-MLCC in C:\Users\admin\Desktop\AC6901 Demo\AC6901Demo_Project\AC6901Demo1.SchDoc with CAP-MLCC from Demo.SchLib
Replace Part C24 CAP-MLCC in C:\Users\admin\Desktop\AC6901 Demo\AC6901Demo_Project\AC6901Demo1.SchDoc with CAP-MLCC from Demo.SchLib
Replace Part C25 CAP-MLCC in C:\Users\admin\Desktop\AC6901 Demo\AC6901Demo_Project\AC6901Demo1.SchDoc with CAP-MLCC from Demo.SchLib
Replace Part C26 CAP-MLCC in C:\Users\admin\Desktop\AC6901 Demo\AC6901Demo_Project\AC6901Demo1.SchDoc with CAP-MLCC from Demo.SchLib
Replace Part C27 CAP-MLCC in C:\Users\admin\Desktop\AC6901 Demo\AC6901Demo_Project\AC6901Demo1.SchDoc with CAP-MLCC from Demo.SchLib
Replace Part H15 HDR1X8 in C:\Users\admin\Desktop\AC6901 Demo\AC6901Demo_Project\AC6901Demo1.SchDoc with HDR1X8 from Demo.SchLib
Replace Part H16 HDR1X8 in C:\Users\admin\Desktop\AC6901 Demo\AC6901Demo_Project\AC6901Demo1.SchDoc with HDR1X8 from Demo.SchLib
Replace Part H17 HDR2X1 in C:\Users\admin\Desktop\AC6901 Demo\AC6901Demo_Project\AC6901Demo1.SchDoc with HDR2X1 from Demo.SchLib
Replace Part H18 HDR2X1 in C:\Users\admin\Desktop\AC6901 Demo\AC6901Demo_Project\AC6901Demo1.SchDoc with HDR2X1 from Demo.SchLib
Replace Part H19 HDR1X8 in C:\Users\admin\Desktop\AC6901 Demo\AC6901Demo_Project\AC6901Demo1.SchDoc with HDR1X8 from Demo.SchLib
Replace Part J2 立体声插头 in C:\Users\admin\Desktop\AC6901 Demo\AC6901Demo_Project\AC6901Demo1.SchDoc with 立体声插头 from Demo.SchLib
Replace Part LCD1 LCD12864_ST7567 in C:\Users\admin\Desktop\AC6901 Demo\AC6901Demo_Project\AC6901Demo1.SchDoc with LCD12864_ST7567 from Demo.SchLib
Replace Part LED2 LED in C:\Users\admin\Desktop\AC6901 Demo\AC6901Demo_Project\AC6901Demo1.SchDoc with LED from Demo.SchLib
Replace Part LED3 LED in C:\Users\admin\Desktop\AC6901 Demo\AC6901Demo_Project\AC6901Demo1.SchDoc with LED from Demo.SchLib
Replace Part LED4 LED in C:\Users\admin\Desktop\AC6901 Demo\AC6901Demo_Project\AC6901Demo1.SchDoc with LED from Demo.SchLib
Replace Part LED5 LED in C:\Users\admin\Desktop\AC6901 Demo\AC6901Demo_Project\AC6901Demo1.SchDoc with LED from Demo.SchLib
Replace Part MIC1 MIC in C:\Users\admin\Desktop\AC6901 Demo\AC6901Demo_Project\AC6901Demo1.SchDoc with MIC from Demo.SchLib
Replace Part R4 RES in C:\Users\admin\Desktop\AC6901 Demo\AC6901Demo_Project\AC6901Demo1.SchDoc with RES from Demo.SchLib
Replace Part R5 RES in C:\Users\admin\Desktop\AC6901 Demo\AC6901Demo_Project\AC6901Demo1.SchDoc with RES from Demo.SchLib
Replace Part R6 RES in C:\Users\admin\Desktop\AC6901 Demo\AC6901Demo_Project\AC6901Demo1.SchDoc with RES from Demo.SchLib
Replace Part R7 RES in C:\Users\admin\Desktop\AC6901 Demo\AC6901Demo_Project\AC6901Demo1.SchDoc with RES from Demo.SchLib
Replace Part R8 RES in C:\Users\admin\Desktop\AC6901 Demo\AC6901Demo_Project\AC6901Demo1.SchDoc with RES from Demo.SchLib
Replace Part R9 RES in C:\Users\admin\Desktop\AC6901 Demo\AC6901Demo_Project\AC6901Demo1.SchDoc with RES from Demo.SchLib
Replace Part R10 RES in C:\Users\admin\Desktop\AC6901 Demo\AC6901Demo_Project\AC6901Demo1.SchDoc with RES from Demo.SchLib
Replace Part R11 RES in C:\Users\admin\Desktop\AC6901 Demo\AC6901Demo_Project\AC6901Demo1.SchDoc with RES from Demo.SchLib
Replace Part R12 RES in C:\Users\admin\Desktop\AC6901 Demo\AC6901Demo_Project\AC6901Demo1.SchDoc with RES from Demo.SchLib
Replace Part R13 RES in C:\Users\admin\Desktop\AC6901 Demo\AC6901Demo_Project\AC6901Demo1.SchDoc with RES from Demo.SchLib
Replace Part R14 RES in C:\Users\admin\Desktop\AC6901 Demo\AC6901Demo_Project\AC6901Demo1.SchDoc with RES from Demo.SchLib
Replace Part R15 RES in C:\Users\admin\Desktop\AC6901 Demo\AC6901Demo_Project\AC6901Demo1.SchDoc with RES from Demo.SchLib
Replace Part R16 RES in C:\Users\admin\Desktop\AC6901 Demo\AC6901Demo_Project\AC6901Demo1.SchDoc with RES from Demo.SchLib
Replace Part R17 RES in C:\Users\admin\Desktop\AC6901 Demo\AC6901Demo_Project\AC6901Demo1.SchDoc with RES from Demo.SchLib
Replace Part R18 RES in C:\Users\admin\Desktop\AC6901 Demo\AC6901Demo_Project\AC6901Demo1.SchDoc with RES from Demo.SchLib
Replace Part R19 RES in C:\Users\admin\Desktop\AC6901 Demo\AC6901Demo_Project\AC6901Demo1.SchDoc with RES from Demo.SchLib
Replace Part R20 RES in C:\Users\admin\Desktop\AC6901 Demo\AC6901Demo_Project\AC6901Demo1.SchDoc with RES from Demo.SchLib
Replace Part R21 RES in C:\Users\admin\Desktop\AC6901 Demo\AC6901Demo_Project\AC6901Demo1.SchDoc with RES from Demo.SchLib
Replace Part R22 RES in C:\Users\admin\Desktop\AC6901 Demo\AC6901Demo_Project\AC6901Demo1.SchDoc with RES from Demo.SchLib
Replace Part R23 RES in C:\Users\admin\Desktop\AC6901 Demo\AC6901Demo_Project\AC6901Demo1.SchDoc with RES from Demo.SchLib
Replace Part R24 RES in C:\Users\admin\Desktop\AC6901 Demo\AC6901Demo_Project\AC6901Demo1.SchDoc with RES from Demo.SchLib
Replace Part S2 SW-PB in C:\Users\admin\Desktop\AC6901 Demo\AC6901Demo_Project\AC6901Demo1.SchDoc with SW-PB from Demo.SchLib
Replace Part S3 SW-PB in C:\Users\admin\Desktop\AC6901 Demo\AC6901Demo_Project\AC6901Demo1.SchDoc with SW-PB from Demo.SchLib
Replace Part S4 SW-PB in C:\Users\admin\Desktop\AC6901 Demo\AC6901Demo_Project\AC6901Demo1.SchDoc with SW-PB from Demo.SchLib
Replace Part S5 SW-PB in C:\Users\admin\Desktop\AC6901 Demo\AC6901Demo_Project\AC6901Demo1.SchDoc with SW-PB from Demo.SchLib
Replace Part S6 SW-PB in C:\Users\admin\Desktop\AC6901 Demo\AC6901Demo_Project\AC6901Demo1.SchDoc with SW-PB from Demo.SchLib
Replace Part S7 SW-PB in C:\Users\admin\Desktop\AC6901 Demo\AC6901Demo_Project\AC6901Demo1.SchDoc with SW-PB from Demo.SchLib
Replace Part S8 SW-PB in C:\Users\admin\Desktop\AC6901 Demo\AC6901Demo_Project\AC6901Demo1.SchDoc with SW-PB from Demo.SchLib
Replace Part S9 SW-PB in C:\Users\admin\Desktop\AC6901 Demo\AC6901Demo_Project\AC6901Demo1.SchDoc with SW-PB from Demo.SchLib
Replace Part S10 SW-PB in C:\Users\admin\Desktop\AC6901 Demo\AC6901Demo_Project\AC6901Demo1.SchDoc with SW-PB from Demo.SchLib
Replace Part S11 SW-PB in C:\Users\admin\Desktop\AC6901 Demo\AC6901Demo_Project\AC6901Demo1.SchDoc with SW-PB from Demo.SchLib
Replace Part S12 SW-PB in C:\Users\admin\Desktop\AC6901 Demo\AC6901Demo_Project\AC6901Demo1.SchDoc with SW-PB from Demo.SchLib
Replace Part S13 SW-PB in C:\Users\admin\Desktop\AC6901 Demo\AC6901Demo_Project\AC6901Demo1.SchDoc with SW-PB from Demo.SchLib
Replace Part S14 SW-PB in C:\Users\admin\Desktop\AC6901 Demo\AC6901Demo_Project\AC6901Demo1.SchDoc with SW-PB from Demo.SchLib
Replace Part S15 SW-PB in C:\Users\admin\Desktop\AC6901 Demo\AC6901Demo_Project\AC6901Demo1.SchDoc with SW-PB from Demo.SchLib
Replace Part S16 SW-PB in C:\Users\admin\Desktop\AC6901 Demo\AC6901Demo_Project\AC6901Demo1.SchDoc with SW-PB from Demo.SchLib
Replace Part S17 SW-PB in C:\Users\admin\Desktop\AC6901 Demo\AC6901Demo_Project\AC6901Demo1.SchDoc with SW-PB from Demo.SchLib
Replace Part S18 SW-PB in C:\Users\admin\Desktop\AC6901 Demo\AC6901Demo_Project\AC6901Demo1.SchDoc with SW-PB from Demo.SchLib
Replace Part S19 SW-PB in C:\Users\admin\Desktop\AC6901 Demo\AC6901Demo_Project\AC6901Demo1.SchDoc with SW-PB from Demo.SchLib
Replace Part TF1 TF in C:\Users\admin\Desktop\AC6901 Demo\AC6901Demo_Project\AC6901Demo1.SchDoc with TF from Demo.SchLib
Replace Part U1 IR in C:\Users\admin\Desktop\AC6901 Demo\AC6901Demo_Project\AC6901Demo1.SchDoc with IR from Demo.SchLib
Replace Part U2 W25X10 in C:\Users\admin\Desktop\AC6901 Demo\AC6901Demo_Project\AC6901Demo1.SchDoc with W25X10 from Demo.SchLib
Replace Part U3 LDO in C:\Users\admin\Desktop\AC6901 Demo\AC6901Demo_Project\AC6901Demo1.SchDoc with LDO from Demo.SchLib
