Replace Part ANT1 FM_ANT in C:\Users\admin\Desktop\AC6901 Demo\AC6901Demo_Project\AC6901Demo0.SchDoc with FM_ANT from Demo.SchLib
Replace Part ANT2 BT_ANT in C:\Users\admin\Desktop\AC6901 Demo\AC6901Demo_Project\AC6901Demo0.SchDoc with BT_ANT from Demo.SchLib
Replace Part C1 CAP-MLCC in C:\Users\admin\Desktop\AC6901 Demo\AC6901Demo_Project\AC6901Demo0.SchDoc with CAP-MLCC from Demo.SchLib
Replace Part C2 CAP-MLCC in C:\Users\admin\Desktop\AC6901 Demo\AC6901Demo_Project\AC6901Demo0.SchDoc with CAP-MLCC from Demo.SchLib
Replace Part C3 CAP-MLCC in C:\Users\admin\Desktop\AC6901 Demo\AC6901Demo_Project\AC6901Demo0.SchDoc with CAP-MLCC from Demo.SchLib
Replace Part C4 CAP-MLCC in C:\Users\admin\Desktop\AC6901 Demo\AC6901Demo_Project\AC6901Demo0.SchDoc with CAP-MLCC from Demo.SchLib
Replace Part C5 CAP-MLCC in C:\Users\admin\Desktop\AC6901 Demo\AC6901Demo_Project\AC6901Demo0.SchDoc with CAP-MLCC from Demo.SchLib
Replace Part C6 CAP-MLCC in C:\Users\admin\Desktop\AC6901 Demo\AC6901Demo_Project\AC6901Demo0.SchDoc with CAP-MLCC from Demo.SchLib
Replace Part C7 CAP-MLCC in C:\Users\admin\Desktop\AC6901 Demo\AC6901Demo_Project\AC6901Demo0.SchDoc with CAP-MLCC from Demo.SchLib
Replace Part C8 CAP-ALE in C:\Users\admin\Desktop\AC6901 Demo\AC6901Demo_Project\AC6901Demo0.SchDoc with CAP-ALE from Demo.SchLib
Replace Part C9 CAP-MLCC in C:\Users\admin\Desktop\AC6901 Demo\AC6901Demo_Project\AC6901Demo0.SchDoc with CAP-MLCC from Demo.SchLib
Replace Part C10 CAP-MLCC in C:\Users\admin\Desktop\AC6901 Demo\AC6901Demo_Project\AC6901Demo0.SchDoc with CAP-MLCC from Demo.SchLib
Replace Part C11 CAP-MLCC in C:\Users\admin\Desktop\AC6901 Demo\AC6901Demo_Project\AC6901Demo0.SchDoc with CAP-MLCC from Demo.SchLib
Replace Part C12 CAP-MLCC in C:\Users\admin\Desktop\AC6901 Demo\AC6901Demo_Project\AC6901Demo0.SchDoc with CAP-MLCC from Demo.SchLib
Replace Part C13 CAP-MLCC in C:\Users\admin\Desktop\AC6901 Demo\AC6901Demo_Project\AC6901Demo0.SchDoc with CAP-MLCC from Demo.SchLib
Replace Part C14 CAP-MLCC in C:\Users\admin\Desktop\AC6901 Demo\AC6901Demo_Project\AC6901Demo0.SchDoc with CAP-MLCC from Demo.SchLib
Replace Part C15 CAP-MLCC in C:\Users\admin\Desktop\AC6901 Demo\AC6901Demo_Project\AC6901Demo0.SchDoc with CAP-MLCC from Demo.SchLib
Replace Part C16 CAP-MLCC in C:\Users\admin\Desktop\AC6901 Demo\AC6901Demo_Project\AC6901Demo0.SchDoc with CAP-MLCC from Demo.SchLib
Replace Part C17 CAP-MLCC in C:\Users\admin\Desktop\AC6901 Demo\AC6901Demo_Project\AC6901Demo0.SchDoc with CAP-MLCC from Demo.SchLib
Replace Part F1 FUSE in C:\Users\admin\Desktop\AC6901 Demo\AC6901Demo_Project\AC6901Demo0.SchDoc with FUSE from Demo.SchLib
Replace Part H1 HDR1X8 in C:\Users\admin\Desktop\AC6901 Demo\AC6901Demo_Project\AC6901Demo0.SchDoc with HDR1X8 from Demo.SchLib
Replace Part H2 HDR2X1 in C:\Users\admin\Desktop\AC6901 Demo\AC6901Demo_Project\AC6901Demo0.SchDoc with HDR2X1 from Demo.SchLib
Replace Part H3 HDR2X1 in C:\Users\admin\Desktop\AC6901 Demo\AC6901Demo_Project\AC6901Demo0.SchDoc with HDR2X1 from Demo.SchLib
Replace Part H4 HDR2X1 in C:\Users\admin\Desktop\AC6901 Demo\AC6901Demo_Project\AC6901Demo0.SchDoc with HDR2X1 from Demo.SchLib
Replace Part H5 HDR2X1 in C:\Users\admin\Desktop\AC6901 Demo\AC6901Demo_Project\AC6901Demo0.SchDoc with HDR2X1 from Demo.SchLib
Replace Part H6 HDR2X1 in C:\Users\admin\Desktop\AC6901 Demo\AC6901Demo_Project\AC6901Demo0.SchDoc with HDR2X1 from Demo.SchLib
Replace Part H7 HDR2X1 in C:\Users\admin\Desktop\AC6901 Demo\AC6901Demo_Project\AC6901Demo0.SchDoc with HDR2X1 from Demo.SchLib
Replace Part H8 HDR2X1 in C:\Users\admin\Desktop\AC6901 Demo\AC6901Demo_Project\AC6901Demo0.SchDoc with HDR2X1 from Demo.SchLib
Replace Part H9 HDR2X1 in C:\Users\admin\Desktop\AC6901 Demo\AC6901Demo_Project\AC6901Demo0.SchDoc with HDR2X1 from Demo.SchLib
Replace Part H10 HDR2X1 in C:\Users\admin\Desktop\AC6901 Demo\AC6901Demo_Project\AC6901Demo0.SchDoc with HDR2X1 from Demo.SchLib
Replace Part H11 HDR2X1 in C:\Users\admin\Desktop\AC6901 Demo\AC6901Demo_Project\AC6901Demo0.SchDoc with HDR2X1 from Demo.SchLib
Replace Part H12 HDR1X8 in C:\Users\admin\Desktop\AC6901 Demo\AC6901Demo_Project\AC6901Demo0.SchDoc with HDR1X8 from Demo.SchLib
Replace Part H13 HDR1X8 in C:\Users\admin\Desktop\AC6901 Demo\AC6901Demo_Project\AC6901Demo0.SchDoc with HDR1X8 from Demo.SchLib
Replace Part H14 HDR1X8 in C:\Users\admin\Desktop\AC6901 Demo\AC6901Demo_Project\AC6901Demo0.SchDoc with HDR1X8 from Demo.SchLib
Replace Part J1 立体声插头 in C:\Users\admin\Desktop\AC6901 Demo\AC6901Demo_Project\AC6901Demo0.SchDoc with 立体声插头 from Demo.SchLib
Replace Part L1 INDUCTOR in C:\Users\admin\Desktop\AC6901 Demo\AC6901Demo_Project\AC6901Demo0.SchDoc with INDUCTOR from Demo.SchLib
Replace Part L2 INDUCTOR in C:\Users\admin\Desktop\AC6901 Demo\AC6901Demo_Project\AC6901Demo0.SchDoc with INDUCTOR from Demo.SchLib
Replace Part L3 INDUCTOR in C:\Users\admin\Desktop\AC6901 Demo\AC6901Demo_Project\AC6901Demo0.SchDoc with INDUCTOR from Demo.SchLib
Replace Part LED1 LED in C:\Users\admin\Desktop\AC6901 Demo\AC6901Demo_Project\AC6901Demo0.SchDoc with LED from Demo.SchLib
Replace Part R1 RES in C:\Users\admin\Desktop\AC6901 Demo\AC6901Demo_Project\AC6901Demo0.SchDoc with RES from Demo.SchLib
Replace Part R2 RES in C:\Users\admin\Desktop\AC6901 Demo\AC6901Demo_Project\AC6901Demo0.SchDoc with RES from Demo.SchLib
Replace Part R3 RES in C:\Users\admin\Desktop\AC6901 Demo\AC6901Demo_Project\AC6901Demo0.SchDoc with RES from Demo.SchLib
Replace Part S1 SW-SPDT in C:\Users\admin\Desktop\AC6901 Demo\AC6901Demo_Project\AC6901Demo0.SchDoc with SW-SPDT from Demo.SchLib
Replace Part U? AC6901 in C:\Users\admin\Desktop\AC6901 Demo\AC6901Demo_Project\AC6901Demo0.SchDoc with AC6901 from Demo.SchLib
Replace Part USB1 USBmirco in C:\Users\admin\Desktop\AC6901 Demo\AC6901Demo_Project\AC6901Demo0.SchDoc with USBmirco from Demo.SchLib
Replace Part USB2 USBA in C:\Users\admin\Desktop\AC6901 Demo\AC6901Demo_Project\AC6901Demo0.SchDoc with USBA from Demo.SchLib
Replace Part X1 XTAL_3X8 in C:\Users\admin\Desktop\AC6901 Demo\AC6901Demo_Project\AC6901Demo0.SchDoc with XTAL_3X8 from Demo.SchLib
Replace Part X2 XTAL_3325-4 in C:\Users\admin\Desktop\AC6901 Demo\AC6901Demo_Project\AC6901Demo0.SchDoc with XTAL_3325-4 from Demo.SchLib
