Replace Part ANT? BT_ANT in C:\Users\admin\Desktop\AC6901 Demo\AC6901Demo_Project\AC6901Demo0.SchDoc with BT_ANT from Demo.SchLib
Replace Part ANT? FM_ANT in C:\Users\admin\Desktop\AC6901 Demo\AC6901Demo_Project\AC6901Demo0.SchDoc with FM_ANT from Demo.SchLib
Replace Part C? CAP-MLCC in C:\Users\admin\Desktop\AC6901 Demo\AC6901Demo_Project\AC6901Demo0.SchDoc with CAP-MLCC from Demo.SchLib
Replace Part C? CAP-MLCC in C:\Users\admin\Desktop\AC6901 Demo\AC6901Demo_Project\AC6901Demo0.SchDoc with CAP-MLCC from Demo.SchLib
Replace Part C? CAP-MLCC in C:\Users\admin\Desktop\AC6901 Demo\AC6901Demo_Project\AC6901Demo0.SchDoc with CAP-MLCC from Demo.SchLib
Replace Part C? CAP-MLCC in C:\Users\admin\Desktop\AC6901 Demo\AC6901Demo_Project\AC6901Demo0.SchDoc with CAP-MLCC from Demo.SchLib
Replace Part C? CAP-MLCC in C:\Users\admin\Desktop\AC6901 Demo\AC6901Demo_Project\AC6901Demo0.SchDoc with CAP-MLCC from Demo.SchLib
Replace Part C? CAP-MLCC in C:\Users\admin\Desktop\AC6901 Demo\AC6901Demo_Project\AC6901Demo0.SchDoc with CAP-MLCC from Demo.SchLib
Replace Part C? CAP-MLCC in C:\Users\admin\Desktop\AC6901 Demo\AC6901Demo_Project\AC6901Demo0.SchDoc with CAP-MLCC from Demo.SchLib
Replace Part C? CAP-MLCC in C:\Users\admin\Desktop\AC6901 Demo\AC6901Demo_Project\AC6901Demo0.SchDoc with CAP-MLCC from Demo.SchLib
Replace Part C? CAP-MLCC in C:\Users\admin\Desktop\AC6901 Demo\AC6901Demo_Project\AC6901Demo0.SchDoc with CAP-MLCC from Demo.SchLib
Replace Part C? CAP-MLCC in C:\Users\admin\Desktop\AC6901 Demo\AC6901Demo_Project\AC6901Demo0.SchDoc with CAP-MLCC from Demo.SchLib
Replace Part C? CAP-MLCC in C:\Users\admin\Desktop\AC6901 Demo\AC6901Demo_Project\AC6901Demo0.SchDoc with CAP-MLCC from Demo.SchLib
Replace Part C? CAP-MLCC in C:\Users\admin\Desktop\AC6901 Demo\AC6901Demo_Project\AC6901Demo0.SchDoc with CAP-MLCC from Demo.SchLib
Replace Part C? CAP-MLCC in C:\Users\admin\Desktop\AC6901 Demo\AC6901Demo_Project\AC6901Demo0.SchDoc with CAP-MLCC from Demo.SchLib
Replace Part C? CAP-MLCC in C:\Users\admin\Desktop\AC6901 Demo\AC6901Demo_Project\AC6901Demo0.SchDoc with CAP-MLCC from Demo.SchLib
Replace Part C? CAP-MLCC in C:\Users\admin\Desktop\AC6901 Demo\AC6901Demo_Project\AC6901Demo0.SchDoc with CAP-MLCC from Demo.SchLib
Replace Part C? CAP-MLCC in C:\Users\admin\Desktop\AC6901 Demo\AC6901Demo_Project\AC6901Demo0.SchDoc with CAP-MLCC from Demo.SchLib
Replace Part F? FUSE in C:\Users\admin\Desktop\AC6901 Demo\AC6901Demo_Project\AC6901Demo0.SchDoc with FUSE from Demo.SchLib
Replace Part H? HDR2X1 in C:\Users\admin\Desktop\AC6901 Demo\AC6901Demo_Project\AC6901Demo0.SchDoc with HDR2X1 from Demo.SchLib
Replace Part H? HDR2X1 in C:\Users\admin\Desktop\AC6901 Demo\AC6901Demo_Project\AC6901Demo0.SchDoc with HDR2X1 from Demo.SchLib
Replace Part H? HDR2X1 in C:\Users\admin\Desktop\AC6901 Demo\AC6901Demo_Project\AC6901Demo0.SchDoc with HDR2X1 from Demo.SchLib
Replace Part H? HDR2X1 in C:\Users\admin\Desktop\AC6901 Demo\AC6901Demo_Project\AC6901Demo0.SchDoc with HDR2X1 from Demo.SchLib
Replace Part H? HDR2X1 in C:\Users\admin\Desktop\AC6901 Demo\AC6901Demo_Project\AC6901Demo0.SchDoc with HDR2X1 from Demo.SchLib
Replace Part H? HDR2X1 in C:\Users\admin\Desktop\AC6901 Demo\AC6901Demo_Project\AC6901Demo0.SchDoc with HDR2X1 from Demo.SchLib
Replace Part H? HDR1X8 in C:\Users\admin\Desktop\AC6901 Demo\AC6901Demo_Project\AC6901Demo0.SchDoc with HDR1X8 from Demo.SchLib
Replace Part H? HDR1X8 in C:\Users\admin\Desktop\AC6901 Demo\AC6901Demo_Project\AC6901Demo0.SchDoc with HDR1X8 from Demo.SchLib
Replace Part H? HDR1X8 in C:\Users\admin\Desktop\AC6901 Demo\AC6901Demo_Project\AC6901Demo0.SchDoc with HDR1X8 from Demo.SchLib
Replace Part H? HDR1X8 in C:\Users\admin\Desktop\AC6901 Demo\AC6901Demo_Project\AC6901Demo0.SchDoc with HDR1X8 from Demo.SchLib
Replace Part H? HDR2X1 in C:\Users\admin\Desktop\AC6901 Demo\AC6901Demo_Project\AC6901Demo0.SchDoc with HDR2X1 from Demo.SchLib
Replace Part H? HDR2X1 in C:\Users\admin\Desktop\AC6901 Demo\AC6901Demo_Project\AC6901Demo0.SchDoc with HDR2X1 from Demo.SchLib
Replace Part H? HDR2X1 in C:\Users\admin\Desktop\AC6901 Demo\AC6901Demo_Project\AC6901Demo0.SchDoc with HDR2X1 from Demo.SchLib
Replace Part H? HDR2X1 in C:\Users\admin\Desktop\AC6901 Demo\AC6901Demo_Project\AC6901Demo0.SchDoc with HDR2X1 from Demo.SchLib
Replace Part J? 立体声插头 in C:\Users\admin\Desktop\AC6901 Demo\AC6901Demo_Project\AC6901Demo0.SchDoc with 立体声插头 from Demo.SchLib
Replace Part L? INDUCTOR in C:\Users\admin\Desktop\AC6901 Demo\AC6901Demo_Project\AC6901Demo0.SchDoc with INDUCTOR from Demo.SchLib
Replace Part L? INDUCTOR in C:\Users\admin\Desktop\AC6901 Demo\AC6901Demo_Project\AC6901Demo0.SchDoc with INDUCTOR from Demo.SchLib
Replace Part L? INDUCTOR in C:\Users\admin\Desktop\AC6901 Demo\AC6901Demo_Project\AC6901Demo0.SchDoc with INDUCTOR from Demo.SchLib
Replace Part LED? LED in C:\Users\admin\Desktop\AC6901 Demo\AC6901Demo_Project\AC6901Demo0.SchDoc with LED from Demo.SchLib
Replace Part R? RES in C:\Users\admin\Desktop\AC6901 Demo\AC6901Demo_Project\AC6901Demo0.SchDoc with RES from Demo.SchLib
Replace Part R? RES in C:\Users\admin\Desktop\AC6901 Demo\AC6901Demo_Project\AC6901Demo0.SchDoc with RES from Demo.SchLib
Replace Part R? RES in C:\Users\admin\Desktop\AC6901 Demo\AC6901Demo_Project\AC6901Demo0.SchDoc with RES from Demo.SchLib
Replace Part S? SW-SPDT in C:\Users\admin\Desktop\AC6901 Demo\AC6901Demo_Project\AC6901Demo0.SchDoc with SW-SPDT from Demo.SchLib
Replace Part USB? USBA in C:\Users\admin\Desktop\AC6901 Demo\AC6901Demo_Project\AC6901Demo0.SchDoc with USBA from Demo.SchLib
Replace Part USB? USBmirco in C:\Users\admin\Desktop\AC6901 Demo\AC6901Demo_Project\AC6901Demo0.SchDoc with USBmirco from Demo.SchLib
Replace Part U？ AC6901 in C:\Users\admin\Desktop\AC6901 Demo\AC6901Demo_Project\AC6901Demo0.SchDoc with AC6901 from Demo.SchLib
Replace Part X? XTAL_3X8 in C:\Users\admin\Desktop\AC6901 Demo\AC6901Demo_Project\AC6901Demo0.SchDoc with XTAL_3X8 from Demo.SchLib
Replace Part X? XTAL_3325-4 in C:\Users\admin\Desktop\AC6901 Demo\AC6901Demo_Project\AC6901Demo0.SchDoc with XTAL_3325-4 from Demo.SchLib
