Replace Part C? CAP-MLCC in C:\Users\admin\Desktop\AC6901 Demo\AC6901Demo_Project\AC6901Demo1.SchDoc with CAP-MLCC from Demo.SchLib
Replace Part C? CAP-MLCC in C:\Users\admin\Desktop\AC6901 Demo\AC6901Demo_Project\AC6901Demo1.SchDoc with CAP-MLCC from Demo.SchLib
Replace Part C? CAP-MLCC in C:\Users\admin\Desktop\AC6901 Demo\AC6901Demo_Project\AC6901Demo1.SchDoc with CAP-MLCC from Demo.SchLib
Replace Part C? CAP-MLCC in C:\Users\admin\Desktop\AC6901 Demo\AC6901Demo_Project\AC6901Demo1.SchDoc with CAP-MLCC from Demo.SchLib
Replace Part H? HDR1X8 in C:\Users\admin\Desktop\AC6901 Demo\AC6901Demo_Project\AC6901Demo1.SchDoc with HDR1X8 from Demo.SchLib
Replace Part H? HDR1X8 in C:\Users\admin\Desktop\AC6901 Demo\AC6901Demo_Project\AC6901Demo1.SchDoc with HDR1X8 from Demo.SchLib
Replace Part H? HDR2X1 in C:\Users\admin\Desktop\AC6901 Demo\AC6901Demo_Project\AC6901Demo1.SchDoc with HDR2X1 from Demo.SchLib
Replace Part H? HDR1X8 in C:\Users\admin\Desktop\AC6901 Demo\AC6901Demo_Project\AC6901Demo1.SchDoc with HDR1X8 from Demo.SchLib
Replace Part J? 立体声插头 in C:\Users\admin\Desktop\AC6901 Demo\AC6901Demo_Project\AC6901Demo1.SchDoc with 立体声插头 from Demo.SchLib
Replace Part LED? LED in C:\Users\admin\Desktop\AC6901 Demo\AC6901Demo_Project\AC6901Demo1.SchDoc with LED from Demo.SchLib
Replace Part LED? LED in C:\Users\admin\Desktop\AC6901 Demo\AC6901Demo_Project\AC6901Demo1.SchDoc with LED from Demo.SchLib
Replace Part LED? LED in C:\Users\admin\Desktop\AC6901 Demo\AC6901Demo_Project\AC6901Demo1.SchDoc with LED from Demo.SchLib
Replace Part LED? LED in C:\Users\admin\Desktop\AC6901 Demo\AC6901Demo_Project\AC6901Demo1.SchDoc with LED from Demo.SchLib
Replace Part MIC? MIC in C:\Users\admin\Desktop\AC6901 Demo\AC6901Demo_Project\AC6901Demo1.SchDoc with MIC from Demo.SchLib
Replace Part R? RES in C:\Users\admin\Desktop\AC6901 Demo\AC6901Demo_Project\AC6901Demo1.SchDoc with RES from Demo.SchLib
Replace Part R? RES in C:\Users\admin\Desktop\AC6901 Demo\AC6901Demo_Project\AC6901Demo1.SchDoc with RES from Demo.SchLib
Replace Part R? RES in C:\Users\admin\Desktop\AC6901 Demo\AC6901Demo_Project\AC6901Demo1.SchDoc with RES from Demo.SchLib
Replace Part R? RES in C:\Users\admin\Desktop\AC6901 Demo\AC6901Demo_Project\AC6901Demo1.SchDoc with RES from Demo.SchLib
Replace Part R? RES in C:\Users\admin\Desktop\AC6901 Demo\AC6901Demo_Project\AC6901Demo1.SchDoc with RES from Demo.SchLib
Replace Part R? RES in C:\Users\admin\Desktop\AC6901 Demo\AC6901Demo_Project\AC6901Demo1.SchDoc with RES from Demo.SchLib
Replace Part R? RES in C:\Users\admin\Desktop\AC6901 Demo\AC6901Demo_Project\AC6901Demo1.SchDoc with RES from Demo.SchLib
Replace Part R? RES in C:\Users\admin\Desktop\AC6901 Demo\AC6901Demo_Project\AC6901Demo1.SchDoc with RES from Demo.SchLib
Replace Part R? RES in C:\Users\admin\Desktop\AC6901 Demo\AC6901Demo_Project\AC6901Demo1.SchDoc with RES from Demo.SchLib
Replace Part R? RES in C:\Users\admin\Desktop\AC6901 Demo\AC6901Demo_Project\AC6901Demo1.SchDoc with RES from Demo.SchLib
Replace Part R? RES in C:\Users\admin\Desktop\AC6901 Demo\AC6901Demo_Project\AC6901Demo1.SchDoc with RES from Demo.SchLib
Replace Part R? RES in C:\Users\admin\Desktop\AC6901 Demo\AC6901Demo_Project\AC6901Demo1.SchDoc with RES from Demo.SchLib
Replace Part R? RES in C:\Users\admin\Desktop\AC6901 Demo\AC6901Demo_Project\AC6901Demo1.SchDoc with RES from Demo.SchLib
Replace Part R? RES in C:\Users\admin\Desktop\AC6901 Demo\AC6901Demo_Project\AC6901Demo1.SchDoc with RES from Demo.SchLib
Replace Part R? RES in C:\Users\admin\Desktop\AC6901 Demo\AC6901Demo_Project\AC6901Demo1.SchDoc with RES from Demo.SchLib
Replace Part R? RES in C:\Users\admin\Desktop\AC6901 Demo\AC6901Demo_Project\AC6901Demo1.SchDoc with RES from Demo.SchLib
Replace Part R? RES in C:\Users\admin\Desktop\AC6901 Demo\AC6901Demo_Project\AC6901Demo1.SchDoc with RES from Demo.SchLib
Replace Part R? RES in C:\Users\admin\Desktop\AC6901 Demo\AC6901Demo_Project\AC6901Demo1.SchDoc with RES from Demo.SchLib
Replace Part S? SW-PB in C:\Users\admin\Desktop\AC6901 Demo\AC6901Demo_Project\AC6901Demo1.SchDoc with SW-PB from Demo.SchLib
Replace Part S? SW-PB in C:\Users\admin\Desktop\AC6901 Demo\AC6901Demo_Project\AC6901Demo1.SchDoc with SW-PB from Demo.SchLib
Replace Part S? SW-PB in C:\Users\admin\Desktop\AC6901 Demo\AC6901Demo_Project\AC6901Demo1.SchDoc with SW-PB from Demo.SchLib
Replace Part S? SW-PB in C:\Users\admin\Desktop\AC6901 Demo\AC6901Demo_Project\AC6901Demo1.SchDoc with SW-PB from Demo.SchLib
Replace Part S? SW-PB in C:\Users\admin\Desktop\AC6901 Demo\AC6901Demo_Project\AC6901Demo1.SchDoc with SW-PB from Demo.SchLib
Replace Part S? SW-PB in C:\Users\admin\Desktop\AC6901 Demo\AC6901Demo_Project\AC6901Demo1.SchDoc with SW-PB from Demo.SchLib
Replace Part S? SW-PB in C:\Users\admin\Desktop\AC6901 Demo\AC6901Demo_Project\AC6901Demo1.SchDoc with SW-PB from Demo.SchLib
Replace Part S? SW-PB in C:\Users\admin\Desktop\AC6901 Demo\AC6901Demo_Project\AC6901Demo1.SchDoc with SW-PB from Demo.SchLib
Replace Part S? SW-PB in C:\Users\admin\Desktop\AC6901 Demo\AC6901Demo_Project\AC6901Demo1.SchDoc with SW-PB from Demo.SchLib
Replace Part S? SW-PB in C:\Users\admin\Desktop\AC6901 Demo\AC6901Demo_Project\AC6901Demo1.SchDoc with SW-PB from Demo.SchLib
Replace Part S? SW-PB in C:\Users\admin\Desktop\AC6901 Demo\AC6901Demo_Project\AC6901Demo1.SchDoc with SW-PB from Demo.SchLib
Replace Part S? SW-PB in C:\Users\admin\Desktop\AC6901 Demo\AC6901Demo_Project\AC6901Demo1.SchDoc with SW-PB from Demo.SchLib
Replace Part S? SW-PB in C:\Users\admin\Desktop\AC6901 Demo\AC6901Demo_Project\AC6901Demo1.SchDoc with SW-PB from Demo.SchLib
Replace Part S? SW-PB in C:\Users\admin\Desktop\AC6901 Demo\AC6901Demo_Project\AC6901Demo1.SchDoc with SW-PB from Demo.SchLib
Replace Part S? SW-PB in C:\Users\admin\Desktop\AC6901 Demo\AC6901Demo_Project\AC6901Demo1.SchDoc with SW-PB from Demo.SchLib
Replace Part S? SW-PB in C:\Users\admin\Desktop\AC6901 Demo\AC6901Demo_Project\AC6901Demo1.SchDoc with SW-PB from Demo.SchLib
Replace Part S? SW-PB in C:\Users\admin\Desktop\AC6901 Demo\AC6901Demo_Project\AC6901Demo1.SchDoc with SW-PB from Demo.SchLib
Replace Part S? SW-PB in C:\Users\admin\Desktop\AC6901 Demo\AC6901Demo_Project\AC6901Demo1.SchDoc with SW-PB from Demo.SchLib
Replace Part U? W25X10 in C:\Users\admin\Desktop\AC6901 Demo\AC6901Demo_Project\AC6901Demo1.SchDoc with W25X10 from Demo.SchLib
Replace Part U? IR in C:\Users\admin\Desktop\AC6901 Demo\AC6901Demo_Project\AC6901Demo1.SchDoc with IR from Demo.SchLib
