Removed Pin From Net: NetName=GND Pin=U£¿-1
Removed Pin From Net: NetName=LDO_IN Pin=U£¿-2
Removed Pin From Net: NetName=VDDIO Pin=U£¿-3
Removed Pin From Net: NetName=RTCVDD Pin=U£¿-4
Removed Pin From Net: NetName=PR1 Pin=U£¿-5
Removed Pin From Net: NetName=PR2 Pin=U£¿-6
Removed Pin From Net: NetName=PR3 Pin=U£¿-7
Removed Pin From Net: NetName=NetC12_2 Pin=U£¿-8
Removed Pin From Net: NetName=PR0 Pin=U£¿-9
Removed Pin From Net: NetName=NetC14_2 Pin=U£¿-10
Removed Pin From Net: NetName=NetL2_2 Pin=U£¿-11
Removed Pin From Net: NetName=GND Pin=U£¿-12
Removed Pin From Net: NetName=NetC16_1 Pin=U£¿-13
Removed Pin From Net: NetName=NetC17_2 Pin=U£¿-14
Removed Pin From Net: NetName=NetH14_1 Pin=U£¿-15
Removed Pin From Net: NetName=NetH14_2 Pin=U£¿-16
Removed Pin From Net: NetName=NetH14_3 Pin=U£¿-17
Removed Pin From Net: NetName=NetH14_4 Pin=U£¿-18
Removed Pin From Net: NetName=NetH14_5 Pin=U£¿-19
Removed Pin From Net: NetName=NetH14_6 Pin=U£¿-20
Removed Pin From Net: NetName=NetH14_7 Pin=U£¿-21
Removed Pin From Net: NetName=NetH14_8 Pin=U£¿-22
Removed Pin From Net: NetName=USBDM Pin=U£¿-23
Removed Pin From Net: NetName=USBDP Pin=U£¿-24
Removed Pin From Net: NetName=NetH12_8 Pin=U£¿-25
Removed Pin From Net: NetName=NetH12_7 Pin=U£¿-26
Removed Pin From Net: NetName=NetH12_6 Pin=U£¿-27
Removed Pin From Net: NetName=NetH12_5 Pin=U£¿-28
Removed Pin From Net: NetName=NetH12_4 Pin=U£¿-29
Removed Pin From Net: NetName=NetH12_3 Pin=U£¿-30
Removed Pin From Net: NetName=NetH12_2 Pin=U£¿-31
Removed Pin From Net: NetName=NetH12_1 Pin=U£¿-32
Removed Pin From Net: NetName=NetH11_1 Pin=U£¿-33
Removed Pin From Net: NetName=NetH10_1 Pin=U£¿-34
Removed Pin From Net: NetName=DACVDD Pin=U£¿-35
Removed Pin From Net: NetName=VCOM Pin=U£¿-36
Removed Pin From Net: NetName=GND Pin=U£¿-37
Removed Pin From Net: NetName=GND Pin=U£¿-38
Removed Pin From Net: NetName=NetC3_1 Pin=U£¿-39
Removed Pin From Net: NetName=NetC2_2 Pin=U£¿-40
Removed Pin From Net: NetName=NetH9_1 Pin=U£¿-41
Removed Pin From Net: NetName=NetH8_1 Pin=U£¿-42
Removed Pin From Net: NetName=NetH7_1 Pin=U£¿-43
Removed Pin From Net: NetName=NetH6_1 Pin=U£¿-44
Removed Pin From Net: NetName=NetH5_1 Pin=U£¿-45
Removed Pin From Net: NetName=NetH4_1 Pin=U£¿-46
Removed Pin From Net: NetName=NetH3_1 Pin=U£¿-47
Removed Pin From Net: NetName=NetH2_1 Pin=U£¿-48
Removed Member From Class: ClassName=AC6901Demo0 Member=U£¿
Change Component Comment : Designator=L2 Old Comment=0R New Comment=NC
Change Component Comment : Designator=L1 Old Comment=100nH New Comment=NC
Added Component: Designator=C8(CTan(6032))
Added Component: Designator=U4(LQPF48)
Added Pin To Net: NetName=LDO_IN Pin=C8-1
Added Pin To Net: NetName=GND Pin=C8-2
Added Pin To Net: NetName=GND Pin=U4-1
Added Pin To Net: NetName=LDO_IN Pin=U4-2
Added Pin To Net: NetName=VDDIO Pin=U4-3
Added Pin To Net: NetName=RTCVDD Pin=U4-4
Added Pin To Net: NetName=PR1 Pin=U4-5
Added Pin To Net: NetName=PR2 Pin=U4-6
Added Pin To Net: NetName=PR3 Pin=U4-7
Added Pin To Net: NetName=NetC12_2 Pin=U4-8
Added Pin To Net: NetName=PR0 Pin=U4-9
Added Pin To Net: NetName=NetC14_2 Pin=U4-10
Added Pin To Net: NetName=NetL2_2 Pin=U4-11
Added Pin To Net: NetName=GND Pin=U4-12
Added Pin To Net: NetName=NetC16_1 Pin=U4-13
Added Pin To Net: NetName=NetC17_2 Pin=U4-14
Added Pin To Net: NetName=NetH14_1 Pin=U4-15
Added Pin To Net: NetName=NetH14_2 Pin=U4-16
Added Pin To Net: NetName=NetH14_3 Pin=U4-17
Added Pin To Net: NetName=NetH14_4 Pin=U4-18
Added Pin To Net: NetName=NetH14_5 Pin=U4-19
Added Pin To Net: NetName=NetH14_6 Pin=U4-20
Added Pin To Net: NetName=NetH14_7 Pin=U4-21
Added Pin To Net: NetName=NetH14_8 Pin=U4-22
Added Pin To Net: NetName=USBDM Pin=U4-23
Added Pin To Net: NetName=USBDP Pin=U4-24
Added Pin To Net: NetName=NetH12_8 Pin=U4-25
Added Pin To Net: NetName=NetH12_7 Pin=U4-26
Added Pin To Net: NetName=NetH12_6 Pin=U4-27
Added Pin To Net: NetName=NetH12_5 Pin=U4-28
Added Pin To Net: NetName=NetH12_4 Pin=U4-29
Added Pin To Net: NetName=NetH12_3 Pin=U4-30
Added Pin To Net: NetName=NetH12_2 Pin=U4-31
Added Pin To Net: NetName=NetH12_1 Pin=U4-32
Added Pin To Net: NetName=NetH11_1 Pin=U4-33
Added Pin To Net: NetName=NetH10_1 Pin=U4-34
Added Pin To Net: NetName=DACVDD Pin=U4-35
Added Pin To Net: NetName=VCOM Pin=U4-36
Added Pin To Net: NetName=GND Pin=U4-37
Added Pin To Net: NetName=GND Pin=U4-38
Added Pin To Net: NetName=NetC3_1 Pin=U4-39
Added Pin To Net: NetName=NetC2_2 Pin=U4-40
Added Pin To Net: NetName=NetH9_1 Pin=U4-41
Added Pin To Net: NetName=NetH8_1 Pin=U4-42
Added Pin To Net: NetName=NetH7_1 Pin=U4-43
Added Pin To Net: NetName=NetH6_1 Pin=U4-44
Added Pin To Net: NetName=NetH5_1 Pin=U4-45
Added Pin To Net: NetName=NetH4_1 Pin=U4-46
Added Pin To Net: NetName=NetH3_1 Pin=U4-47
Added Pin To Net: NetName=NetH2_1 Pin=U4-48
Added Member To Class: ClassName=AC6901Demo0 Member=Component C8 10uF
Added Member To Class: ClassName=AC6901Demo0 Member=Component U4 AC6901
Added Room: Name=AC6901Demo0
Added Room: Name=AC6901Demo1
