Added Component: Designator=J1(AUX-3.5)
Added Component: Designator=J2(AUX-3.5)
Added Component: Designator=S1(MSK-12C01-07)
Add component (AddParameter): Name = "ComponentLink1Description"; Value = "Manufacturer Link"; VariantName = "[No Variations]"
Add component (AddParameter): Name = "ComponentLink1URL"; Value = "http://www.apem.com"; VariantName = "[No Variations]"
Add component (AddParameter): Name = "DatasheetDocument"; Value = "05-Dec-2000"; VariantName = "[No Variations]"
Add component (AddParameter): Name = "LatestRevisionDate"; Value = "17-Dec-2003"; VariantName = "[No Variations]"
Add component (AddParameter): Name = "LatestRevisionNote"; Value = "Schematic revised, PCB Footprint replaced."; VariantName = "[No Variations]"
Add component (AddParameter): Name = "PackageReference"; Value = "TL36WW15050"; VariantName = "[No Variations]"
Add component (AddParameter): Name = "Published"; Value = "24-Mar-1999"; VariantName = "[No Variations]"
Add component (AddParameter): Name = "Publisher"; Value = "Altium Limited"; VariantName = "[No Variations]"
Added Component: Designator=TF1(TF)
Added Pin To Net: NetName=GND Pin=J1-1
Added Pin To Net: NetName=NetJ1_2 Pin=J1-2
Added Pin To Net: NetName=NetJ1_3 Pin=J1-3
Added Pin To Net: NetName=DACEN Pin=J1-4
Added Pin To Net: NetName=GND Pin=J2-1
Added Pin To Net: NetName=NetJ2_2 Pin=J2-2
Added Pin To Net: NetName=NetJ2_3 Pin=J2-3
Added Pin To Net: NetName=AUXEN Pin=J2-4
Added Pin To Net: NetName=NetF1_2 Pin=S1-1
Added Pin To Net: NetName=NetS1_2 Pin=S1-2
Added Pin To Net: NetName=SD_CMD Pin=TF1-3
Added Pin To Net: NetName=NetC23_2 Pin=TF1-4
Added Pin To Net: NetName=SD_CLK Pin=TF1-5
Added Pin To Net: NetName=GND Pin=TF1-6
Added Pin To Net: NetName=SD_DAT Pin=TF1-7
Added Pin To Net: NetName=NetR20_1 Pin=TF1-9
Added Pin To Net: NetName=GND Pin=TF1-10
Added Pin To Net: NetName=GND Pin=TF1-11
Added Pin To Net: NetName=GND Pin=TF1-12
Added Pin To Net: NetName=GND Pin=TF1-13
Added Member To Class: ClassName=AC6901Demo0 Member=Component J1 3.5mm
Added Member To Class: ClassName=AC6901Demo1 Member=Component J2 3.5mm
Added Member To Class: ClassName=AC6901Demo0 Member=Component S1 SW-SPDT
Added Member To Class: ClassName=AC6901Demo1 Member=Component TF1 TF
